<!DOCTYPE suite SYSTEM "http://testng.org/testng-1.0.dtd" >
  
<suite name="Suite1" verbose="1" parallel="methods" thread-count="5" >
  <listeners>
  	<listener class-name="com.tresa.framewok.code.ExtentTestNGIReporterListener"></listener>
  </listeners>
  <test name="Registrationt_est" >
    <classes>
       <class name="com.test.AutomationPracticeRegistrationTest" />
       <class name="com.test.GitHubRegistrationTest"/>
    </classes>
  </test>
 
 </suite>
